Removed Pin From Net: NetName=GND Pin=*-2
Removed Pin From Net: NetName=GND Pin=C1-1
Removed Pin From Net: NetName=GND Pin=C2-1
Removed Pin From Net: NetName=GND Pin=C3-2
Removed Pin From Net: NetName=GND Pin=R2-1
Removed Pin From Net: NetName=GND Pin=U1-5
Removed Pin From Net: NetName=GND Pin=U1-9
Removed Pin From Net: NetName=GND Pin=U1-10
Removed Pin From Net: NetName=GND Pin=U1-14
Removed Pin From Net: NetName=GND Pin=U1-15
Added Component: Designator=*?(Edge Connector)
Added Component: Designator=C?(Capacitor - duplicate)
Added Component: Designator=C?(Capacitor - duplicate)
Added Component: Designator=C?(Capacitor - duplicate)
Added Component: Designator=C?(Capacitor - duplicate)
Added Component: Designator=Q?(Transistor)
Add component (AddParameter): Name = "Parameter 1"; Value = ""; VariantName = "[No Variations]"
Added Component: Designator=R?(Resistor)
Added Component: Designator=R?(Resistor)
Added Component: Designator=R?(Resistor)
Added Component: Designator=R?(Resistor)
Added Component: Designator=U?(SOP16)
Add component (AddParameter): Name = "Manufacturer"; Value = "Avia Semicon (Xiamen)"; VariantName = "[No Variations]"
Add component (AddParameter): Name = "Manufacturer part"; Value = "HX711"; VariantName = "[No Variations]"
Add component (AddParameter): Name = "supplier"; Value = "lcsc"; VariantName = "[No Variations]"
Add component (AddParameter): Name = "supplier part number"; Value = "C6705483"; VariantName = "[No Variations]"
Added Pin To Net: NetName=GND Pin=*?-2
Added Pin To Net: NetName=GND Pin=C?-1
Added Pin To Net: NetName=GND Pin=C?-1
Added Pin To Net: NetName=GND Pin=C?-2
Added Pin To Net: NetName=GND Pin=R?-1
Added Pin To Net: NetName=GND Pin=U?-5
Added Pin To Net: NetName=GND Pin=U?-9
Added Pin To Net: NetName=GND Pin=U?-10
Added Pin To Net: NetName=GND Pin=U?-14
Added Pin To Net: NetName=GND Pin=U?-15
Added Pin To Net: NetName=Net*?_1 Pin=*?-1
Added Pin To Net: NetName=Net*?_1 Pin=C?-2
Added Pin To Net: NetName=Net*?_1 Pin=Q?-S
Added Pin To Net: NetName=Net*?_1 Pin=R?-2
Added Pin To Net: NetName=Net*?_1 Pin=U?-3
Added Net: Name=Net*?_1
Added Pin To Net: NetName=Net*?_3 Pin=*?-3
Added Pin To Net: NetName=Net*?_3 Pin=R?-1
Added Net: Name=Net*?_3
Added Pin To Net: NetName=Net*?_4 Pin=*?-4
Added Pin To Net: NetName=Net*?_4 Pin=R?-2
Added Net: Name=Net*?_4
Added Pin To Net: NetName=NetC?_1 Pin=C?-1
Added Pin To Net: NetName=NetC?_1 Pin=U?-6
Added Net: Name=NetC?_1
Add Net: Net with name "NetC?_1" already exists
Added Pin To Net: NetName=NetC?_2 Pin=C?-2
Added Pin To Net: NetName=NetC?_2 Pin=Q?-G
Added Pin To Net: NetName=NetC?_2 Pin=U?-1
Added Pin To Net: NetName=NetC?_2 Pin=U?-16
Added Net: Name=NetC?_2
Add Net: Net with name "NetC?_2" already exists
Added Pin To Net: NetName=NetQ?_D Pin=Q?-D
Added Pin To Net: NetName=NetQ?_D Pin=U?-2
Added Net: Name=NetQ?_D
Added Pin To Net: NetName=NetR?_1 Pin=R?-1
Added Pin To Net: NetName=NetR?_1 Pin=R?-2
Added Pin To Net: NetName=NetR?_1 Pin=U?-4
Added Net: Name=NetR?_1
