Added Component: Designator=*(Edge Connector)
Added Component: Designator=C1(Capacitor - duplicate)
Added Component: Designator=C2(Capacitor - duplicate)
Added Component: Designator=C3(Capacitor - duplicate)
Added Component: Designator=C4(Capacitor - duplicate)
Added Component: Designator=Q1(mosfet)
Added Component: Designator=R1(Resistor)
Added Component: Designator=R2(Resistor)
Added Component: Designator=R3(Resistor)
Added Component: Designator=R4(Resistor)
Added Component: Designator=U1(SOP16)
Add component (AddParameter): Name = "Manufacturer"; Value = "Avia Semicon (Xiamen)"; VariantName = "[No Variations]"
Add component (AddParameter): Name = "Manufacturer part"; Value = "HX711"; VariantName = "[No Variations]"
Add component (AddParameter): Name = "supplier"; Value = "lcsc"; VariantName = "[No Variations]"
Add component (AddParameter): Name = "supplier part number"; Value = "C6705483"; VariantName = "[No Variations]"
Add Pin To Net: Unknown Pin: Pin *-1
Add Pin To Net: Unknown Pin: Pin *-5
Add Pin To Net: Unknown Pin: Pin *-6
Add Pin To Net: Unknown Pin: Pin *-7
Added Pin To Net: NetName=GND Pin=C1-1
Added Pin To Net: NetName=NetC1_2 Pin=C1-2
Added Pin To Net: NetName=GND Pin=C2-1
Added Pin To Net: NetName=Net*_1 Pin=C2-2
Added Pin To Net: NetName=NetC3_1 Pin=C3-1
Added Pin To Net: NetName=GND Pin=C3-2
Added Pin To Net: NetName=NetC4_1 Pin=C4-1
Added Pin To Net: NetName=NetC4_2 Pin=C4-2
Added Pin To Net: NetName=NetC1_2 Pin=Q1-G
Added Pin To Net: NetName=Net*_1 Pin=Q1-S
Added Pin To Net: NetName=NetR1_1 Pin=R1-1
Added Pin To Net: NetName=Net*_1 Pin=R1-2
Added Pin To Net: NetName=GND Pin=R2-1
Added Pin To Net: NetName=NetR1_1 Pin=R2-2
Added Pin To Net: NetName=Net*_6 Pin=R3-1
Added Pin To Net: NetName=NetC4_2 Pin=R3-2
Added Pin To Net: NetName=NetC4_1 Pin=R4-1
Added Pin To Net: NetName=Net*_7 Pin=R4-2
Added Pin To Net: NetName=NetC1_2 Pin=U1-1
Added Pin To Net: NetName=NetC1_2 Pin=U1-2
Added Pin To Net: NetName=Net*_1 Pin=U1-3
Added Pin To Net: NetName=NetR1_1 Pin=U1-4
Added Pin To Net: NetName=GND Pin=U1-5
Added Pin To Net: NetName=NetC3_1 Pin=U1-6
Added Pin To Net: NetName=NetC4_2 Pin=U1-7
Added Pin To Net: NetName=NetC4_1 Pin=U1-8
Added Pin To Net: NetName=GND Pin=U1-9
Added Pin To Net: NetName=GND Pin=U1-10
Added Pin To Net: NetName=GND Pin=U1-14
Added Pin To Net: NetName=GND Pin=U1-15
Added Pin To Net: NetName=NetC1_2 Pin=U1-16
