Change Component Designator: OldDesignator=*? NewDesignator=*1
Change Component Designator: OldDesignator=C? NewDesignator=C1
Change Component Designator: OldDesignator=C? NewDesignator=C2
Change Component Designator: OldDesignator=C? NewDesignator=C3
Change Component Designator: OldDesignator=C? NewDesignator=C4
Change Component Designator: OldDesignator=Q? NewDesignator=Q1
Change Component Designator: OldDesignator=R? NewDesignator=R1
Change Component Designator: OldDesignator=R? NewDesignator=R2
Change Component Designator: OldDesignator=R? NewDesignator=R3
Change Component Designator: OldDesignator=R? NewDesignator=R4
Change Component Designator: OldDesignator=U? NewDesignator=U1
Change Net Name : Old Net Name=Net*?_1 New Net Name=Net*1_1
Change Net Name : Old Net Name=Net*?_3 New Net Name=Net*1_3
Change Net Name : Old Net Name=Net*?_4 New Net Name=Net*1_4
Change Net Name : Old Net Name=NetC?_1 New Net Name=NetC3_1
Change Net Name : Old Net Name=NetC?_2 New Net Name=NetC1_2
Change Net Name : Old Net Name=NetQ?_D New Net Name=NetQ1_D
Change Net Name : Old Net Name=NetR?_1 New Net Name=NetR1_1
Added Pin To Net: NetName=NetC4_1 Pin=C4-1
Added Pin To Net: NetName=NetC4_1 Pin=R4-1
Added Pin To Net: NetName=NetC4_1 Pin=U1-8
Added Net: Name=NetC4_1
Added Pin To Net: NetName=NetC4_2 Pin=C4-2
Added Pin To Net: NetName=NetC4_2 Pin=R3-2
Added Pin To Net: NetName=NetC4_2 Pin=U1-7
Added Net: Name=NetC4_2
