Removed Pin From Net: NetName=Net*_1 Pin=C1-2
Removed Pin From Net: NetName=Net*_6 Pin=C3-1
Removed Pin From Net: NetName=Net*_7 Pin=R4-2
Add Component: Footprint Not Found SOP_16L
Add Pin To Net: Unknown Pin: Pin *-1
Add Pin To Net: Unknown Pin: Pin *-3
Add Pin To Net: Unknown Pin: Pin *-4
Add Pin To Net: Unknown Pin: Pin *-5
Add Pin To Net: Unknown Pin: Pin *-5
Add Pin To Net: Unknown Pin: Pin *-6
Add Pin To Net: Unknown Pin: Pin *-7
Add Pin To Net: Unknown Pin: Pin *-8
Add Pin To Net: Unknown Pin: Pin *-9
Add Pin To Net: Unknown Pin: Pin *-10
Add Pin To Net: Unknown Pin: Pin *-14
Add Pin To Net: Unknown Pin: Pin *-15
Added Pin To Net: NetName=Net*_1 Pin=C2-2
Added Pin To Net: NetName=Net*_7 Pin=C4-2
Add Pin To Net: Unknown Pin: Pin Q1-1
Added Pin To Net: NetName=Net*_1 Pin=R1-2
Added Pin To Net: NetName=Net*_6 Pin=R3-1
Added Pin To Net: NetName=Net*_7 Pin=R3-2
Add Net: Net with name "Net*_1" already exists
Add Net: Net with name "Net*_6" already exists
Add Net: Net with name "Net*_7" already exists
