Add Component: Footprint Not Found SOP_16L
Added Component: Designator=*(Edge Connector)
Added Component: Designator=C1(Capacitor - duplicate)
Added Component: Designator=C2(Capacitor - duplicate)
Added Component: Designator=C3(Capacitor - duplicate)
Added Component: Designator=C4(Capacitor - duplicate)
Added Component: Designator=Q1(mosfet)
Added Component: Designator=R1(Resistor)
Added Component: Designator=R2(Resistor)
Added Component: Designator=R3(Resistor)
Added Component: Designator=R4(Resistor)
Added Pin To Net: NetName=GND Pin=C1-1
Added Pin To Net: NetName=GND Pin=C2-1
Added Pin To Net: NetName=GND Pin=C3-2
Added Pin To Net: NetName=GND Pin=R2-1
Added Net: Name=GND
Added Pin To Net: NetName=Net*_1 Pin=C1-2
Added Net: Name=Net*_1
Add Net: Net with name "Net*_1" already exists
Added Pin To Net: NetName=Net*_4 Pin=R1-1
Added Pin To Net: NetName=Net*_4 Pin=R2-2
Added Net: Name=Net*_4
Added Pin To Net: NetName=Net*_6 Pin=C3-1
Added Net: Name=Net*_6
Add Net: Net with name "Net*_6" already exists
Added Pin To Net: NetName=Net*_7 Pin=R4-2
Added Net: Name=Net*_7
Add Net: Net with name "Net*_7" already exists
Added Pin To Net: NetName=Net*_8 Pin=C4-1
Added Pin To Net: NetName=Net*_8 Pin=R4-1
Added Net: Name=Net*_8
Added Rule: Name=Schematic Supply Nets
